
   Symfony\Component\Process\Exception\ProcessTimedOutException  : The process "'/usr/bin/php7.3' 'artisan' 'queue:work' '--once' '--queue=default' '--delay=0' '--memory=128' '--sleep=3' '--tries=3'" exceeded the timeout of 60 seconds.

   Symfony\Component\Process\Exception\ProcessTimedOutException  : The process "'/usr/bin/php7.3' 'artisan' 'queue:work' '--once' '--queue=default' '--delay=0' '--memory=128' '--sleep=3' '--tries=3'" exceeded the timeout of 60 seconds.

  at /home/vagrant/code/vendor/symfony/process/Process.php:1237

  at /home/vagrant/code/vendor/symfony/process/Process.php:1237

   Symfony\Component\Process\Exception\ProcessTimedOutException  : The process "'/usr/bin/php7.3' 'artisan' 'queue:work' '--once' '--queue=default' '--delay=0' '--memory=128' '--sleep=3' '--tries=3'" exceeded the timeout of 60 seconds.

  at /home/vagrant/code/vendor/symfony/process/Process.php:1237

   Symfony\Component\Process\Exception\ProcessTimedOutException  : The process "'/usr/bin/php7.3' 'artisan' 'queue:work' '--once' '--queue=default' '--delay=0' '--memory=128' '--sleep=3' '--tries=3'" exceeded the timeout of 60 seconds.

  at /home/vagrant/code/vendor/symfony/process/Process.php:1237
    1233| 
    1234|         if (null !== $this->timeout && $this->timeout < microtime(true) - $this->starttime) {
    1235|             $this->stop(0);
    1236| 
  > 1237|             throw new ProcessTimedOutException($this, ProcessTimedOutException::TYPE_GENERAL);
    1238|         }
    1239| 
    1240|         if (null !== $this->idleTimeout && $this->idleTimeout < microtime(true) - $this->lastOutputTime) {
    1241|             $this->stop(0);
    1233| 
    1234|         if (null !== $this->timeout && $this->timeout < microtime(true) - $this->starttime) {
    1235|             $this->stop(0);
    1236| 
  > 1237|             throw new ProcessTimedOutException($this, ProcessTimedOutException::TYPE_GENERAL);
    1238|         }
    1239| 
    1240|         if (null !== $this->idleTimeout && $this->idleTimeout < microtime(true) - $this->lastOutputTime) {
    1241|             $this->stop(0);
    1233| 
    1234|         if (null !== $this->timeout && $this->timeout < microtime(true) - $this->starttime) {
    1235|             $this->stop(0);
    1236| 
  > 1237|             throw new ProcessTimedOutException($this, ProcessTimedOutException::TYPE_GENERAL);
    1238|         }
    1239| 
    1240|         if (null !== $this->idleTimeout && $this->idleTimeout < microtime(true) - $this->lastOutputTime) {
    1241|             $this->stop(0);

  Exception trace:

  Exception trace:



  1   Symfony\Component\Process\Process::checkTimeout()
  1   Symfony\Component\Process\Process::checkTimeout()
      /home/vagrant/code/vendor/symfony/process/Process.php:416

  2   Symfony\Component\Process\Process::wait()
  Exception trace:
      /home/vagrant/code/vendor/symfony/process/Process.php:235
      /home/vagrant/code/vendor/symfony/process/Process.php:416

  2   Symfony\Component\Process\Process::wait()
      /home/vagrant/code/vendor/symfony/process/Process.php:235

  Please use the argument -v to see more details.

  1   Symfony\Component\Process\Process::checkTimeout()
      /home/vagrant/code/vendor/symfony/process/Process.php:416

  2   Symfony\Component\Process\Process::wait()
      /home/vagrant/code/vendor/symfony/process/Process.php:235

  Please use the argument -v to see more details.

  Please use the argument -v to see more details.
    1233| 
    1234|         if (null !== $this->timeout && $this->timeout < microtime(true) - $this->starttime) {
    1235|             $this->stop(0);
    1236| 
  > 1237|             throw new ProcessTimedOutException($this, ProcessTimedOutException::TYPE_GENERAL);
    1238|         }
    1239| 
    1240|         if (null !== $this->idleTimeout && $this->idleTimeout < microtime(true) - $this->lastOutputTime) {
    1241|             $this->stop(0);

  Exception trace:

  1   Symfony\Component\Process\Process::checkTimeout()
      /home/vagrant/code/vendor/symfony/process/Process.php:416

  2   Symfony\Component\Process\Process::wait()
      /home/vagrant/code/vendor/symfony/process/Process.php:235

  Please use the argument -v to see more details.

   Symfony\Component\Process\Exception\ProcessTimedOutException  : The process "'/usr/bin/php7.3' 'artisan' 'queue:work' '--once' '--queue=default' '--delay=0' '--memory=128' '--sleep=3' '--tries=3'" exceeded the timeout of 60 seconds.

  at /home/vagrant/code/vendor/symfony/process/Process.php:1237

   Symfony\Component\Process\Exception\ProcessTimedOutException  : The process "'/usr/bin/php7.3' 'artisan' 'queue:work' '--once' '--queue=default' '--delay=0' '--memory=128' '--sleep=3' '--tries=3'" exceeded the timeout of 60 seconds.

  at /home/vagrant/code/vendor/symfony/process/Process.php:1237

   Symfony\Component\Process\Exception\ProcessTimedOutException  : The process "'/usr/bin/php7.3' 'artisan' 'queue:work' '--once' '--queue=default' '--delay=0' '--memory=128' '--sleep=3' '--tries=3'" exceeded the timeout of 60 seconds.

  at /home/vagrant/code/vendor/symfony/process/Process.php:1237

   Symfony\Component\Process\Exception\ProcessTimedOutException  : The process "'/usr/bin/php7.3' 'artisan' 'queue:work' '--once' '--queue=default' '--delay=0' '--memory=128' '--sleep=3' '--tries=3'" exceeded the timeout of 60 seconds.

  at /home/vagrant/code/vendor/symfony/process/Process.php:1237
    1233| 
    1234|         if (null !== $this->timeout && $this->timeout < microtime(true) - $this->starttime) {
    1235|             $this->stop(0);
    1236| 
  > 1237|             throw new ProcessTimedOutException($this, ProcessTimedOutException::TYPE_GENERAL);
    1238|         }
    1239| 
    1240|         if (null !== $this->idleTimeout && $this->idleTimeout < microtime(true) - $this->lastOutputTime) {
    1241|             $this->stop(0);

    1233| 
    1234|         if (null !== $this->timeout && $this->timeout < microtime(true) - $this->starttime) {
    1235|             $this->stop(0);
    1236| 
  > 1237|             throw new ProcessTimedOutException($this, ProcessTimedOutException::TYPE_GENERAL);
    1238|         }
    1239| 
    1240|         if (null !== $this->idleTimeout && $this->idleTimeout < microtime(true) - $this->lastOutputTime) {
    1241|             $this->stop(0);

  Exception trace:

  1   Symfony\Component\Process\Process::checkTimeout()
      /home/vagrant/code/vendor/symfony/process/Process.php:416

  2   Symfony\Component\Process\Process::wait()
      /home/vagrant/code/vendor/symfony/process/Process.php:235

  Please use the argument -v to see more details.
  Exception trace:

  1   Symfony\Component\Process\Process::checkTimeout()
      /home/vagrant/code/vendor/symfony/process/Process.php:416

  2   Symfony\Component\Process\Process::wait()
      /home/vagrant/code/vendor/symfony/process/Process.php:235

  Please use the argument -v to see more details.
    1233| 
    1234|         if (null !== $this->timeout && $this->timeout < microtime(true) - $this->starttime) {
    1235|             $this->stop(0);
    1236| 
  > 1237|             throw new ProcessTimedOutException($this, ProcessTimedOutException::TYPE_GENERAL);
    1238|         }
    1239| 
    1240|         if (null !== $this->idleTimeout && $this->idleTimeout < microtime(true) - $this->lastOutputTime) {
    1241|             $this->stop(0);

  Exception trace:

  1   Symfony\Component\Process\Process::checkTimeout()
      /home/vagrant/code/vendor/symfony/process/Process.php:416

  2   Symfony\Component\Process\Process::wait()
      /home/vagrant/code/vendor/symfony/process/Process.php:235

  Please use the argument -v to see more details.
    1233| 
    1234|         if (null !== $this->timeout && $this->timeout < microtime(true) - $this->starttime) {
    1235|             $this->stop(0);
    1236| 
  > 1237|             throw new ProcessTimedOutException($this, ProcessTimedOutException::TYPE_GENERAL);
    1238|         }
    1239| 
    1240|         if (null !== $this->idleTimeout && $this->idleTimeout < microtime(true) - $this->lastOutputTime) {
    1241|             $this->stop(0);

  Exception trace:

  1   Symfony\Component\Process\Process::checkTimeout()
      /home/vagrant/code/vendor/symfony/process/Process.php:416

  2   Symfony\Component\Process\Process::wait()
      /home/vagrant/code/vendor/symfony/process/Process.php:235

  Please use the argument -v to see more details.
[2019-09-01 10:30:18][7] Processing: App\Jobs\TestJob
[2019-09-01 10:30:18][7] Processed:  App\Jobs\TestJob
[2019-09-01 10:30:27][8] Processing: App\Jobs\TestJob
[2019-09-01 10:30:27][8] Processed:  App\Jobs\TestJob
[2019-09-01 11:07:21][9] Processing: App\Jobs\TestJob
[2019-09-01 11:07:21][9] Processed:  App\Jobs\TestJob
[2019-09-01 11:07:51][10] Processing: App\Jobs\TestJob
[2019-09-01 11:07:51][10] Processed:  App\Jobs\TestJob
[2019-09-01 11:08:44][11] Processing: App\Jobs\TestJob
[2019-09-01 11:08:44][11] Processed:  App\Jobs\TestJob
[2019-09-01 11:10:46][12] Processing: App\Jobs\TestJob
[2019-09-01 11:10:46][12] Processed:  App\Jobs\TestJob
[2019-09-01 11:10:54][13] Processing: App\Jobs\TestJob
[2019-09-01 11:10:54][13] Processed:  App\Jobs\TestJob
[2019-09-01 11:14:09][14] Processing: App\Jobs\TestJob
[2019-09-01 11:14:09][14] Processing: App\Jobs\TestJob
[2019-09-01 11:14:09][14] Processing: App\Jobs\TestJob
[2019-09-01 11:14:09][14] Failed:     App\Jobs\TestJob
[2019-09-01 11:14:48][15] Processing: App\Jobs\TestJob
[2019-09-01 11:14:49][15] Processed:  App\Jobs\TestJob
[2019-09-01 11:15:18][16] Processing: App\Jobs\TestJob
[2019-09-01 11:15:19][16] Processed:  App\Jobs\TestJob
[2019-09-01 11:16:28][17] Processing: App\Jobs\TestJob
[2019-09-01 11:16:30][17] Processed:  App\Jobs\TestJob
[2019-09-01 11:18:10][18] Processing: App\Jobs\TestJob
[2019-09-01 11:18:11][18] Processed:  App\Jobs\TestJob
[2019-09-01 11:19:06][19] Processing: App\Jobs\TestJob
[2019-09-01 11:19:07][19] Processed:  App\Jobs\TestJob
[2019-09-01 11:20:37][20] Processing: App\Jobs\TestJob
[2019-09-01 11:20:39][20] Processed:  App\Jobs\TestJob
[2019-09-01 11:23:51][21] Processing: App\Jobs\TestJob
[2019-09-01 11:23:54][21] Processed:  App\Jobs\TestJob
[2019-09-01 11:25:04][22] Processing: App\Jobs\TestJob
[2019-09-01 11:25:07][22] Processed:  App\Jobs\TestJob
[2019-09-01 11:25:11][23] Processing: App\Jobs\TestJob
[2019-09-01 11:25:15][23] Processed:  App\Jobs\TestJob
[2019-09-01 11:30:36][24] Processing: App\Jobs\TestJob
[2019-09-01 11:30:39][24] Processed:  App\Jobs\TestJob
[2019-09-01 11:37:56][25] Processing: App\Jobs\TestJob
[2019-09-01 11:37:59][25] Processed:  App\Jobs\TestJob
[2019-09-13 08:27:40][31] Processing: App\Jobs\sendMail
[2019-09-13 08:27:44][31] Processed:  App\Jobs\sendMail
[2019-09-13 08:29:31][32] Processing: App\Jobs\sendMail
[2019-09-13 08:29:40][32] Processed:  App\Jobs\sendMail
[2019-09-13 08:35:01][33] Processing: App\Jobs\sendMail
[2019-09-13 08:35:04][33] Processed:  App\Jobs\sendMail
[2019-09-13 08:37:44][34] Processing: App\Jobs\sendMail
[2019-09-13 08:37:48][34] Processed:  App\Jobs\sendMail
[2019-09-13 08:38:53][35] Processing: App\Jobs\sendMail
[2019-09-13 08:38:57][35] Processed:  App\Jobs\sendMail
[2019-09-13 08:47:48][36] Processing: App\Jobs\sendMail
[2019-09-13 08:47:52][36] Processed:  App\Jobs\sendMail
[2019-09-13 08:48:18][37] Processing: App\Jobs\sendMail
[2019-09-13 08:48:22][37] Processed:  App\Jobs\sendMail
[2019-09-13 08:49:58][38] Processing: App\Jobs\sendMail
[2019-09-13 08:50:01][38] Processed:  App\Jobs\sendMail
[2019-09-13 08:51:11][39] Processing: App\Jobs\sendMail
[2019-09-13 08:51:15][39] Processed:  App\Jobs\sendMail
[2019-09-13 08:52:08][40] Processing: App\Jobs\sendMail
[2019-09-13 08:52:11][40] Processed:  App\Jobs\sendMail
[2019-09-13 08:53:03][41] Processing: App\Jobs\sendMail
[2019-09-13 08:53:07][41] Processed:  App\Jobs\sendMail
[2019-09-13 08:54:16][42] Processing: App\Jobs\sendMail
[2019-09-13 08:54:20][42] Processed:  App\Jobs\sendMail
[2019-09-13 08:55:00][43] Processing: App\Jobs\sendMail
[2019-09-13 08:55:03][43] Processed:  App\Jobs\sendMail
[2019-09-13 11:01:30][44] Processing: App\Jobs\sendMail
[2019-09-13 11:01:38][44] Processed:  App\Jobs\sendMail
